<?xml version="1.0" encoding="UTF-8"?>
<testng-results skipped="0" failed="0" total="2" passed="2">
  <reporter-output>
  </reporter-output>
  <suite name="Default suite" duration-ms="2002" started-at="2017-02-01T21:17:00Z" finished-at="2017-02-01T21:17:02Z">
    <groups>
    </groups>
    <test name="Default test" duration-ms="2002" started-at="2017-02-01T21:17:00Z" finished-at="2017-02-01T21:17:02Z">
      <class name="com.Mahesh.testscripts.TC_001">
        <test-method status="PASS" signature="steup()[pri:0, instance:com.Mahesh.testscripts.TC_001@48eff760]" name="steup" is-config="true" duration-ms="8" started-at="2017-02-01T13:17:00Z" finished-at="2017-02-01T13:17:00Z">
          <reporter-output>
          </reporter-output>
        </test-method> <!-- steup -->
        <test-method status="PASS" signature="Get()[pri:0, instance:com.Mahesh.testscripts.TC_001@48eff760]" name="Get" duration-ms="1625" started-at="2017-02-01T13:17:00Z" finished-at="2017-02-01T13:17:02Z">
          <reporter-output>
          </reporter-output>
        </test-method> <!-- Get -->
        <test-method status="PASS" signature="Post()[pri:0, instance:com.Mahesh.testscripts.TC_001@48eff760]" name="Post" duration-ms="346" started-at="2017-02-01T13:17:02Z" finished-at="2017-02-01T13:17:02Z">
          <reporter-output>
          </reporter-output>
        </test-method> <!-- Post -->
      </class> <!-- com.Mahesh.testscripts.TC_001 -->
    </test> <!-- Default test -->
  </suite> <!-- Default suite -->
</testng-results>
